ok 0.3 SQL：SET NAMES ? Value：utf8mb4
ok 4.7 SQL：SHOW COLUMNS FROM `Article` Value：
ok 0.4 SQL：SELECT id, cover FROM `Article` LIMIT 0, 1 Value：
ok 0.2 SQL：SET NAMES ? Value：utf8mb4
ok 4.4 SQL：SHOW COLUMNS FROM `Article` Value：
ok 0.3 SQL：SELECT id, cover FROM `Article` LIMIT 0, 1 Value：
ok 0.1 SQL：SET NAMES ? Value：utf8mb4
ok 3.2 SQL：SHOW COLUMNS FROM `Article` Value：
ok 0.2 SQL：SELECT id, cover FROM `Article` LIMIT 0, 1 Value：
ok 0.2 SQL：SET NAMES ? Value：utf8mb4
ok 3.7 SQL：SHOW COLUMNS FROM `Article` Value：
ok 0.2 SQL：SELECT id, cover FROM `Article` LIMIT 0, 1 Value：
ok 0.1 SQL：SET NAMES ? Value：utf8mb4
ok 4.5 SQL：SHOW COLUMNS FROM `Article` Value：
ok 0.2 SQL：SELECT id, cover FROM `Article` LIMIT 0, 1 Value：
ok 0.1 SQL：SET NAMES ? Value：utf8mb4
ok 3.0 SQL：SHOW COLUMNS FROM `Article` Value：
ok 0.2 SQL：SELECT id, cover FROM `Article` LIMIT 0, 1 Value：
ok 0.2 SQL：SET NAMES ? Value：utf8mb4
ok 3.7 SQL：SHOW COLUMNS FROM `Article` Value：
ok 0.3 SQL：SELECT id, cover FROM `Article` LIMIT 0, 1 Value：
ok 0.2 SQL：SET NAMES ? Value：utf8mb4
ok 3.5 SQL：SHOW COLUMNS FROM `Article` Value：
ok 0.2 SQL：SELECT id, cover FROM `Article` LIMIT 0, 1 Value：
ok 0.1 SQL：SET NAMES ? Value：utf8mb4
ok 3.5 SQL：SHOW COLUMNS FROM `Article` Value：
ok 0.3 SQL：SELECT id, cover FROM `Article` LIMIT 0, 1 Value：
ok 0.1 SQL：SET NAMES ? Value：utf8mb4
ok 2.9 SQL：SHOW COLUMNS FROM `Article` Value：
ok 0.2 SQL：SELECT id, cover FROM `Article` LIMIT 0, 1 Value：
ok 0.2 SQL：SET NAMES ? Value：utf8mb4
ok 4.0 SQL：SHOW COLUMNS FROM `Article` Value：
ok 0.3 SQL：SELECT id, cover FROM `Article` LIMIT 0, 1 Value：
ok 0.1 SQL：SET NAMES ? Value：utf8mb4
ok 3.8 SQL：SHOW COLUMNS FROM `Article` Value：
ok 0.2 SQL：SELECT id, cover FROM `Article` LIMIT 0, 1 Value：
ok 0.1 SQL：SET NAMES ? Value：utf8mb4
ok 3.4 SQL：SHOW COLUMNS FROM `Article` Value：
ok 0.2 SQL：SELECT id, cover FROM `Article` LIMIT 0, 1 Value：
ok 0.2 SQL：SET NAMES ? Value：utf8mb4
ok 3.3 SQL：SHOW COLUMNS FROM `Article` Value：
ok 0.2 SQL：SELECT id, cover FROM `Article` LIMIT 0, 1 Value：
ok 0.1 SQL：SET NAMES ? Value：utf8mb4
ok 2.1 SQL：SHOW COLUMNS FROM `Article` Value：
ok 0.2 SQL：SELECT id, cover FROM `Article` LIMIT 0, 1 Value：
ok 0.1 SQL：SET NAMES ? Value：utf8mb4
ok 2.1 SQL：SHOW COLUMNS FROM `Article` Value：
ok 0.3 SQL：SELECT id, cover FROM `Article` LIMIT 0, 1 Value：
ok 0.1 SQL：SET NAMES ? Value：utf8mb4
ok 3.6 SQL：SHOW COLUMNS FROM `Article` Value：
ok 0.3 SQL：SELECT id, cover FROM `Article` LIMIT 0, 1 Value：
ok 0.2 SQL：SET NAMES ? Value：utf8mb4
ok 2.0 SQL：SHOW COLUMNS FROM `Article` Value：
ok 0.2 SQL：SELECT id, cover FROM `Article` LIMIT 0, 1 Value：
ok 0.2 SQL：SET NAMES ? Value：utf8mb4
ok 3.7 SQL：SHOW COLUMNS FROM `Article` Value：
ok 0.3 SQL：SELECT id, cover FROM `Article` LIMIT 0, 1 Value：
ok 0.1 SQL：SET NAMES ? Value：utf8mb4
ok 3.0 SQL：SHOW COLUMNS FROM `Article` Value：
ok 0.2 SQL：SELECT id, cover FROM `Article` LIMIT 0, 1 Value：
ok 0.2 SQL：SET NAMES ? Value：utf8mb4
ok 2.1 SQL：SHOW COLUMNS FROM `Article` Value：
ok 0.2 SQL：SELECT id, cover FROM `Article` LIMIT 0, 1 Value：
ok 0.1 SQL：SET NAMES ? Value：utf8mb4
ok 4.3 SQL：SHOW COLUMNS FROM `Article` Value：
ok 0.3 SQL：SELECT id, cover FROM `Article` LIMIT 0, 1 Value：
ok 0.1 SQL：SET NAMES ? Value：utf8mb4
ok 6.1 SQL：SHOW COLUMNS FROM `Article` Value：
ok 0.3 SQL：SELECT id, cover FROM `Article` LIMIT 0, 1 Value：
ok 0.1 SQL：SET NAMES ? Value：utf8mb4
ok 4.6 SQL：SHOW COLUMNS FROM `Article` Value：
ok 0.2 SQL：SELECT id, cover FROM `Article` LIMIT 0, 1 Value：
ok 0.2 SQL：SET NAMES ? Value：utf8mb4
ok 4.4 SQL：SHOW COLUMNS FROM `Article` Value：
ok 0.3 SQL：SELECT id, cover FROM `Article` LIMIT 0, 1 Value：
ok 0.1 SQL：SET NAMES ? Value：utf8mb4
ok 3.2 SQL：SHOW COLUMNS FROM `Article` Value：
ok 0.2 SQL：SELECT id, cover FROM `Article` LIMIT 0, 1 Value：
ok 0.2 SQL：SET NAMES ? Value：utf8mb4
ok 5.1 SQL：SHOW COLUMNS FROM `Article` Value：
ok 0.5 SQL：SELECT id, cover FROM `Article` LIMIT 0, 1 Value：
ok 0.2 SQL：SET NAMES ? Value：utf8mb4
ok 4.1 SQL：SHOW COLUMNS FROM `Article` Value：
ok 0.2 SQL：SELECT id, cover FROM `Article` LIMIT 0, 1 Value：
ok 0.2 SQL：SET NAMES ? Value：utf8mb4
ok 3.7 SQL：SHOW COLUMNS FROM `Article` Value：
ok 0.3 SQL：SELECT id, cover FROM `Article` LIMIT 0, 1 Value：
ok 0.2 SQL：SET NAMES ? Value：utf8mb4
ok 3.3 SQL：SHOW COLUMNS FROM `Article` Value：
ok 0.3 SQL：SELECT id, cover FROM `Article` LIMIT 0, 1 Value：
ok 0.2 SQL：SET NAMES ? Value：utf8mb4
ok 2.1 SQL：SHOW COLUMNS FROM `Article` Value：
ok 0.3 SQL：SELECT id, cover FROM `Article` LIMIT 0, 1 Value：
ok 0.1 SQL：SET NAMES ? Value：utf8mb4
ok 2.7 SQL：SHOW COLUMNS FROM `Article` Value：
ok 0.2 SQL：SELECT id, cover FROM `Article` LIMIT 0, 1 Value：
ok 0.2 SQL：SET NAMES ? Value：utf8mb4
ok 2.8 SQL：SHOW COLUMNS FROM `Article` Value：
ok 0.2 SQL：SELECT id, cover FROM `Article` LIMIT 0, 1 Value：
ok 0.2 SQL：SET NAMES ? Value：utf8mb4
ok 1.9 SQL：SHOW COLUMNS FROM `Article` Value：
ok 0.3 SQL：SELECT id, cover FROM `Article` LIMIT 0, 1 Value：
ok 0.1 SQL：SET NAMES ? Value：utf8mb4
ok 2.6 SQL：SHOW COLUMNS FROM `Article` Value：
ok 0.3 SQL：SELECT id, cover FROM `Article` LIMIT 0, 1 Value：
ok 0.2 SQL：SET NAMES ? Value：utf8mb4
ok 3.9 SQL：SHOW COLUMNS FROM `Article` Value：
ok 0.5 SQL：SELECT id, cover FROM `Article` LIMIT 0, 1 Value：
ok 0.2 SQL：SET NAMES ? Value：utf8mb4
ok 2.9 SQL：SHOW COLUMNS FROM `Article` Value：
ok 0.3 SQL：SELECT id, cover FROM `Article` LIMIT 0, 1 Value：
ok 0.2 SQL：SET NAMES ? Value：utf8mb4
ok 2.0 SQL：SHOW COLUMNS FROM `Article` Value：
ok 0.2 SQL：SELECT id, cover FROM `Article` LIMIT 0, 1 Value：
ok 5.1 SQL：UPDATE `Article` SET `cover`=? WHERE id = ? Value：,1
ok 0.7 SQL：UPDATE `Article` SET `cover`=? WHERE id = ? Value：5c696923619fa969a47f9f3cedfbee04.jpg,1
ok 0.4 SQL：SET NAMES ? Value：utf8mb4
ok 5.9 SQL：SHOW COLUMNS FROM `Article` Value：
ok 0.5 SQL：SELECT id, cover FROM `Article` LIMIT 0, 1 Value：
ok 7.2 SQL：UPDATE `Article` SET `cover`=? WHERE id = ? Value：,1
ok 1.3 SQL：UPDATE `Article` SET `cover`=? WHERE id = ? Value：1b893205da09b76516fca31ca7995c28.jpg,1
ok 0.1 SQL：SET NAMES ? Value：utf8mb4
ok 4.0 SQL：SHOW COLUMNS FROM `Article` Value：
ok 0.3 SQL：SELECT id, cover FROM `Article` LIMIT 0, 1 Value：
ok 5.2 SQL：UPDATE `Article` SET `cover`=? WHERE id = ? Value：,1
ok 1.1 SQL：UPDATE `Article` SET `cover`=? WHERE id = ? Value：af3a4d67ede22e7ad840578ea6316ae3.jpg,1
ok 0.2 SQL：SET NAMES ? Value：utf8mb4
ok 3.5 SQL：SHOW COLUMNS FROM `Article` Value：
ok 0.3 SQL：SELECT id, cover FROM `Article` LIMIT 0, 1 Value：
ok 2.2 SQL：UPDATE `Article` SET `cover`=? WHERE id = ? Value：,1
ok 0.6 SQL：UPDATE `Article` SET `cover`=? WHERE id = ? Value：2c2e9722079b3a4fccca3f19d632a85b.jpg,1
