ok 0.3 SQL：SET NAMES ? Value：utf8mb4
ok 4.2 SQL：SHOW COLUMNS FROM `Article` Value：
ok 0.5 SQL：SELECT id, cover FROM `Article` LIMIT 0, 1 Value：
ok 3.8 SQL：UPDATE `Article` SET `cover`=? WHERE id = ? Value：,1
ok 1.5 SQL：UPDATE `Article` SET `cover`=? WHERE id = ? Value：4e3af04ee40eeff860e0b0556036220f.jpg,1
ok 0.1 SQL：SET NAMES ? Value：utf8mb4
ok 3.0 SQL：SHOW COLUMNS FROM `Article` Value：
ok 0.5 SQL：SELECT id, cover FROM `Article` LIMIT 0, 1 Value：
ok 3.0 SQL：UPDATE `Article` SET `cover`=? WHERE id = ? Value：,1
ok 0.9 SQL：UPDATE `Article` SET `cover`=? WHERE id = ? Value：c6159f8b52dd09adc77fa9334604e74c.jpg,1
ok 0.2 SQL：SET NAMES ? Value：utf8mb4
ok 3.7 SQL：SHOW COLUMNS FROM `Article` Value：
ok 0.2 SQL：SELECT id, cover FROM `Article` LIMIT 0, 1 Value：
ok 0.7 SQL：UPDATE `Article` SET `cover`=? WHERE id = ? Value：,1
ok 0.9 SQL：UPDATE `Article` SET `cover`=? WHERE id = ? Value：c8dcf18857225c9747d7b71f0e323f15.jpg,1
ok 0.4 SQL：SET NAMES ? Value：utf8mb4
ok 4.2 SQL：SHOW COLUMNS FROM `Article` Value：
ok 0.8 SQL：SELECT id, cover FROM `Article` LIMIT 0, 1 Value：
ok 0.2 SQL：SET NAMES ? Value：utf8mb4
ok 2.6 SQL：SHOW COLUMNS FROM `Article` Value：
ok 0.2 SQL：SELECT id, cover FROM `Article` LIMIT 0, 1 Value：
ok 0.3 SQL：SET NAMES ? Value：utf8mb4
ok 3.2 SQL：SHOW COLUMNS FROM `Article` Value：
ok 0.2 SQL：SELECT id, cover FROM `Article` LIMIT 0, 1 Value：
ok 0.1 SQL：SET NAMES ? Value：utf8mb4
ok 3.3 SQL：SHOW COLUMNS FROM `Article` Value：
ok 0.2 SQL：SELECT id, cover FROM `Article` LIMIT 0, 1 Value：
ok 0.1 SQL：SET NAMES ? Value：utf8mb4
ok 3.2 SQL：SHOW COLUMNS FROM `Article` Value：
ok 0.2 SQL：SELECT id, cover FROM `Article` LIMIT 0, 1 Value：
ok 0.1 SQL：SET NAMES ? Value：utf8mb4
ok 3.8 SQL：SHOW COLUMNS FROM `Article` Value：
ok 0.2 SQL：SELECT id, cover FROM `Article` LIMIT 0, 1 Value：
ok 0.2 SQL：SET NAMES ? Value：utf8mb4
ok 3.6 SQL：SHOW COLUMNS FROM `Article` Value：
ok 0.2 SQL：SELECT id, cover FROM `Article` LIMIT 0, 1 Value：
ok 0.1 SQL：SET NAMES ? Value：utf8mb4
ok 3.5 SQL：SHOW COLUMNS FROM `Article` Value：
ok 0.2 SQL：SELECT id, cover FROM `Article` LIMIT 0, 1 Value：
ok 0.2 SQL：SET NAMES ? Value：utf8mb4
ok 3.6 SQL：SHOW COLUMNS FROM `Article` Value：
ok 0.3 SQL：SELECT id, cover FROM `Article` LIMIT 0, 1 Value：
ok 0.1 SQL：SET NAMES ? Value：utf8mb4
ok 2.3 SQL：SHOW COLUMNS FROM `Article` Value：
ok 0.3 SQL：SELECT id, cover FROM `Article` LIMIT 0, 1 Value：
ok 0.2 SQL：SET NAMES ? Value：utf8mb4
ok 3.9 SQL：SHOW COLUMNS FROM `Article` Value：
ok 0.3 SQL：SELECT id, cover FROM `Article` LIMIT 0, 1 Value：
ok 0.2 SQL：SET NAMES ? Value：utf8mb4
ok 3.3 SQL：SHOW COLUMNS FROM `Article` Value：
ok 0.2 SQL：SELECT id, cover FROM `Article` LIMIT 0, 1 Value：
ok 0.2 SQL：SET NAMES ? Value：utf8mb4
ok 4.2 SQL：SHOW COLUMNS FROM `Article` Value：
ok 0.3 SQL：SELECT id, cover FROM `Article` LIMIT 0, 1 Value：
ok 0.1 SQL：SET NAMES ? Value：utf8mb4
ok 3.2 SQL：SHOW COLUMNS FROM `Article` Value：
ok 0.3 SQL：SELECT id, cover FROM `Article` LIMIT 0, 1 Value：
ok 0.2 SQL：SET NAMES ? Value：utf8mb4
ok 3.6 SQL：SHOW COLUMNS FROM `Article` Value：
ok 0.3 SQL：SELECT id, cover FROM `Article` LIMIT 0, 1 Value：
ok 0.1 SQL：SET NAMES ? Value：utf8mb4
ok 3.8 SQL：SHOW COLUMNS FROM `Article` Value：
ok 0.3 SQL：SELECT id, cover FROM `Article` LIMIT 0, 1 Value：
ok 0.2 SQL：SET NAMES ? Value：utf8mb4
ok 2.7 SQL：SHOW COLUMNS FROM `Article` Value：
ok 0.4 SQL：SELECT id, cover FROM `Article` LIMIT 0, 1 Value：
ok 0.1 SQL：SET NAMES ? Value：utf8mb4
ok 3.4 SQL：SHOW COLUMNS FROM `Article` Value：
ok 0.2 SQL：SELECT id, cover FROM `Article` LIMIT 0, 1 Value：
ok 0.1 SQL：SET NAMES ? Value：utf8mb4
ok 3.6 SQL：SHOW COLUMNS FROM `Article` Value：
ok 0.3 SQL：SELECT id, cover FROM `Article` LIMIT 0, 1 Value：
ok 0.2 SQL：SET NAMES ? Value：utf8mb4
ok 3.3 SQL：SHOW COLUMNS FROM `Article` Value：
ok 0.3 SQL：SELECT id, cover FROM `Article` LIMIT 0, 1 Value：
ok 0.3 SQL：SET NAMES ? Value：utf8mb4
ok 2.8 SQL：SHOW COLUMNS FROM `Article` Value：
ok 0.3 SQL：SELECT id, cover FROM `Article` LIMIT 0, 1 Value：
ok 0.1 SQL：SET NAMES ? Value：utf8mb4
ok 3.3 SQL：SHOW COLUMNS FROM `Article` Value：
ok 0.3 SQL：SELECT id, cover FROM `Article` LIMIT 0, 1 Value：
ok 0.2 SQL：SET NAMES ? Value：utf8mb4
ok 3.9 SQL：SHOW COLUMNS FROM `Article` Value：
ok 0.3 SQL：SELECT id, cover FROM `Article` LIMIT 0, 1 Value：
ok 3.6 SQL：UPDATE `Article` SET `cover`=? WHERE id = ? Value：,1
ok 1.2 SQL：UPDATE `Article` SET `cover`=? WHERE id = ? Value：ccfa881de0633f38071bb1a186fced69.jpg,1
ok 0.1 SQL：SET NAMES ? Value：utf8mb4
ok 2.3 SQL：SHOW COLUMNS FROM `Article` Value：
ok 0.2 SQL：SELECT id, cover FROM `Article` LIMIT 0, 1 Value：
ok 2.5 SQL：UPDATE `Article` SET `cover`=? WHERE id = ? Value：,1
ok 1.5 SQL：UPDATE `Article` SET `cover`=? WHERE id = ? Value：abc5b8b59b2abb55c26024f6d7f13d3e.jpg,1
ok 0.1 SQL：SET NAMES ? Value：utf8mb4
ok 4.7 SQL：SHOW COLUMNS FROM `Article` Value：
ok 0.4 SQL：SELECT id, cover FROM `Article` LIMIT 0, 1 Value：
ok 4.6 SQL：UPDATE `Article` SET `cover`=? WHERE id = ? Value：,1
ok 1.4 SQL：UPDATE `Article` SET `cover`=? WHERE id = ? Value：933ce61ff9966f2ee1df22ccf4a2d174.jpg,1
ok 0.1 SQL：SET NAMES ? Value：utf8mb4
ok 2.7 SQL：SHOW COLUMNS FROM `Article` Value：
ok 0.2 SQL：SELECT id, cover FROM `Article` LIMIT 0, 1 Value：
ok 2.6 SQL：UPDATE `Article` SET `cover`=? WHERE id = ? Value：,1
ok 1.2 SQL：UPDATE `Article` SET `cover`=? WHERE id = ? Value：d00dfe0377a037c1e211e8489a5ece9a.jpg,1
ok 0.2 SQL：SET NAMES ? Value：utf8mb4
ok 1.9 SQL：SHOW COLUMNS FROM `Article` Value：
ok 0.2 SQL：SELECT id, cover FROM `Article` LIMIT 0, 1 Value：
ok 2.2 SQL：UPDATE `Article` SET `cover`=? WHERE id = ? Value：,1
ok 1.1 SQL：UPDATE `Article` SET `cover`=? WHERE id = ? Value：8e35ab60bf2653e7c7ad0b0f01d75a63.jpg,1
ok 0.1 SQL：SET NAMES ? Value：utf8mb4
ok 2.4 SQL：SHOW COLUMNS FROM `Article` Value：
ok 0.3 SQL：SELECT id, cover FROM `Article` LIMIT 0, 1 Value：
ok 0.9 SQL：UPDATE `Article` SET `cover`=? WHERE id = ? Value：,1
ok 0.7 SQL：UPDATE `Article` SET `cover`=? WHERE id = ? Value：4044600869348c05992f99d1279147a2.jpg,1
ok 0.1 SQL：SET NAMES ? Value：utf8mb4
ok 3.1 SQL：SHOW COLUMNS FROM `Article` Value：
ok 0.2 SQL：SELECT id, cover FROM `Article` LIMIT 0, 1 Value：
ok 4.2 SQL：UPDATE `Article` SET `cover`=? WHERE id = ? Value：,1
ok 1.9 SQL：UPDATE `Article` SET `cover`=? WHERE id = ? Value：eb69050d1d967e91a6fa10ab6757d0f5.jpg,1
ok 0.2 SQL：SET NAMES ? Value：utf8mb4
ok 4.4 SQL：SHOW COLUMNS FROM `Article` Value：
ok 0.2 SQL：SELECT id, cover FROM `Article` LIMIT 0, 1 Value：
ok 2.9 SQL：UPDATE `Article` SET `cover`=? WHERE id = ? Value：,1
ok 1.3 SQL：UPDATE `Article` SET `cover`=? WHERE id = ? Value：b2b8781484eb3743f0a132ccf685d4ed.jpg,1
ok 0.1 SQL：SET NAMES ? Value：utf8mb4
ok 2.2 SQL：SHOW COLUMNS FROM `Article` Value：
ok 0.2 SQL：SELECT id, cover FROM `Article` LIMIT 0, 1 Value：
ok 3.2 SQL：UPDATE `Article` SET `cover`=? WHERE id = ? Value：,1
ok 1.5 SQL：UPDATE `Article` SET `cover`=? WHERE id = ? Value：023f0f5b19efcd09d68f21b740d6bc11.jpg,1
